<?xml version="1.0" encoding="UTF-8"?>
<!-- Generated by org.testng.reporters.JUnitReportReporter -->
<testsuite hostname="LTCH-5CD141CTFP" failures="0" tests="4" name="CucumberOptions.TestNGRunner" time="21.410" errors="0" timestamp="2024-05-13T15:50:16 IST" skipped="0">
  <testcase classname="CucumberOptions.TestNGRunner" name="runScenario" time="7.025"/>
  <testcase classname="CucumberOptions.TestNGRunner" name="runScenario" time="0.184"/>
  <testcase classname="CucumberOptions.TestNGRunner" name="runScenario" time="7.134"/>
  <testcase classname="CucumberOptions.TestNGRunner" name="runScenario" time="7.067"/>
</testsuite> <!-- CucumberOptions.TestNGRunner -->
