<?xml version="1.0" encoding="UTF-8"?>
<!-- Generated by org.testng.reporters.JUnitReportReporter -->
<testsuite hostname="LTCH-5CD141CTFP" failures="0" tests="1" name="CucumberOptions.TestNGRunner" time="10.038" errors="0" timestamp="2024-05-09T20:35:52 IST" skipped="0">
  <testcase classname="CucumberOptions.TestNGRunner" name="runScenario" time="10.038"/>
</testsuite> <!-- CucumberOptions.TestNGRunner -->
